<?xml version="1.0" encoding="UTF-8"?>
<!-- Generated by org.testng.reporters.JUnitXMLReporter -->
<testsuite ignored="0" hostname="DESKTOP-P0QGIPJ" failures="0" tests="67" name="Scenarios" time="468.802" errors="0" timestamp="2022-07-30T12:12:44 IST">
  <testcase classname="com.sgtesting.pageobjectmodelassignment.CreateUserScenario" name="launchBrowser" time="13.891"/>
  <testcase classname="com.sgtesting.pageobjectmodelassignment.CreateUserScenario" name="navigate" time="6.494"/>
  <testcase classname="com.sgtesting.pageobjectmodelassignment.CreateUserScenario" name="login" time="6.421"/>
  <testcase classname="com.sgtesting.pageobjectmodelassignment.CreateUserScenario" name="minimizeFlyOutWindow" time="7.516"/>
  <testcase classname="com.sgtesting.pageobjectmodelassignment.CreateUserScenario" name="createUser" time="26.807"/>
  <testcase classname="com.sgtesting.pageobjectmodelassignment.CreateUserScenario" name="deleteUser" time="1.312"/>
  <testcase classname="com.sgtesting.pageobjectmodelassignment.CreateUserScenario" name="logout" time="4.004"/>
  <testcase classname="com.sgtesting.pageobjectmodelassignment.CreateUserScenario" name="closeApp" time="1.456"/>
  <testcase classname="com.sgtesting.pageobjectmodelassignment.ModifyUserScenario" name="launchBrowser" time="16.821"/>
  <testcase classname="com.sgtesting.pageobjectmodelassignment.ModifyUserScenario" name="navigate" time="7.046"/>
  <testcase classname="com.sgtesting.pageobjectmodelassignment.ModifyUserScenario" name="login" time="2.97"/>
  <testcase classname="com.sgtesting.pageobjectmodelassignment.ModifyUserScenario" name="minimizeFlyOutWindow" time="4.567"/>
  <testcase classname="com.sgtesting.pageobjectmodelassignment.ModifyUserScenario" name="createUser" time="1.256"/>
  <testcase classname="com.sgtesting.pageobjectmodelassignment.ModifyUserScenario" name="modifyUser" time="0.084"/>
  <testcase classname="com.sgtesting.pageobjectmodelassignment.ModifyUserScenario" name="deleteUser" time="0.063"/>
  <testcase classname="com.sgtesting.pageobjectmodelassignment.ModifyUserScenario" name="logout" time="1.386"/>
  <testcase classname="com.sgtesting.pageobjectmodelassignment.ModifyUserScenario" name="closeApp" time="0.623"/>
  <testcase classname="com.sgtesting.pageobjectmodelassignment.CreateCustomerScenario" name="launchBrowser" time="6.86"/>
  <testcase classname="com.sgtesting.pageobjectmodelassignment.CreateCustomerScenario" name="navigate" time="6.639"/>
  <testcase classname="com.sgtesting.pageobjectmodelassignment.CreateCustomerScenario" name="login" time="2.878"/>
  <testcase classname="com.sgtesting.pageobjectmodelassignment.CreateCustomerScenario" name="minimizeFlyOutWindow" time="3.23"/>
  <testcase classname="com.sgtesting.pageobjectmodelassignment.CreateCustomerScenario" name="createCustomer" time="13.155"/>
  <testcase classname="com.sgtesting.pageobjectmodelassignment.CreateCustomerScenario" name="deleteCustomer" time="9.067"/>
  <testcase classname="com.sgtesting.pageobjectmodelassignment.CreateCustomerScenario" name="logout" time="3.502"/>
  <testcase classname="com.sgtesting.pageobjectmodelassignment.CreateCustomerScenario" name="closeApp" time="3.341"/>
  <testcase classname="com.sgtesting.pageobjectmodelassignment.ModifyCustomerScenario" name="launchBrowser" time="8.814"/>
  <testcase classname="com.sgtesting.pageobjectmodelassignment.ModifyCustomerScenario" name="navigate" time="10.388"/>
  <testcase classname="com.sgtesting.pageobjectmodelassignment.ModifyCustomerScenario" name="login" time="7.382"/>
  <testcase classname="com.sgtesting.pageobjectmodelassignment.ModifyCustomerScenario" name="minimizeFlyOutWindow" time="4.828"/>
  <testcase classname="com.sgtesting.pageobjectmodelassignment.ModifyCustomerScenario" name="createCustomer" time="15.489"/>
  <testcase classname="com.sgtesting.pageobjectmodelassignment.ModifyCustomerScenario" name="modifyCustomer" time="8.09"/>
  <testcase classname="com.sgtesting.pageobjectmodelassignment.ModifyCustomerScenario" name="deleteCustomer" time="9.254"/>
  <testcase classname="com.sgtesting.pageobjectmodelassignment.ModifyCustomerScenario" name="logout" time="3.469"/>
  <testcase classname="com.sgtesting.pageobjectmodelassignment.ModifyCustomerScenario" name="closeApp" time="1.827"/>
  <testcase classname="com.sgtesting.pageobjectmodelassignment.CreateProjectScenario" name="launchBrowser" time="7.108"/>
  <testcase classname="com.sgtesting.pageobjectmodelassignment.CreateProjectScenario" name="navigate" time="7.508"/>
  <testcase classname="com.sgtesting.pageobjectmodelassignment.CreateProjectScenario" name="login" time="2.998"/>
  <testcase classname="com.sgtesting.pageobjectmodelassignment.CreateProjectScenario" name="minimizeFlyOutWindow" time="3.816"/>
  <testcase classname="com.sgtesting.pageobjectmodelassignment.CreateProjectScenario" name="createCustomer" time="13.804"/>
  <testcase classname="com.sgtesting.pageobjectmodelassignment.CreateProjectScenario" name="createProject" time="9.337"/>
  <testcase classname="com.sgtesting.pageobjectmodelassignment.CreateProjectScenario" name="deleteProject" time="9.197"/>
  <testcase classname="com.sgtesting.pageobjectmodelassignment.CreateProjectScenario" name="deleteCustomer" time="9.415"/>
  <testcase classname="com.sgtesting.pageobjectmodelassignment.CreateProjectScenario" name="logout" time="5.721"/>
  <testcase classname="com.sgtesting.pageobjectmodelassignment.CreateProjectScenario" name="closeApp" time="0.925"/>
  <testcase classname="com.sgtesting.pageobjectmodelassignment.ModifyProjectScenario" name="launchBrowser" time="12.629"/>
  <testcase classname="com.sgtesting.pageobjectmodelassignment.ModifyProjectScenario" name="navigate" time="6.707"/>
  <testcase classname="com.sgtesting.pageobjectmodelassignment.ModifyProjectScenario" name="login" time="3.018"/>
  <testcase classname="com.sgtesting.pageobjectmodelassignment.ModifyProjectScenario" name="minimizeFlyOutWindow" time="7.544"/>
  <testcase classname="com.sgtesting.pageobjectmodelassignment.ModifyProjectScenario" name="createCustomer" time="18.413"/>
  <testcase classname="com.sgtesting.pageobjectmodelassignment.ModifyProjectScenario" name="createProject" time="9.117"/>
  <testcase classname="com.sgtesting.pageobjectmodelassignment.ModifyProjectScenario" name="modifyProject" time="7.727"/>
  <testcase classname="com.sgtesting.pageobjectmodelassignment.ModifyProjectScenario" name="deleteProject" time="9.022"/>
  <testcase classname="com.sgtesting.pageobjectmodelassignment.ModifyProjectScenario" name="deleteCustomer" time="9.061"/>
  <testcase classname="com.sgtesting.pageobjectmodelassignment.ModifyProjectScenario" name="logout" time="4.386"/>
  <testcase classname="com.sgtesting.pageobjectmodelassignment.ModifyProjectScenario" name="closeApp" time="2.255"/>
  <testcase classname="com.sgtesting.pageobjectmodelassignment.CreateTaskScenario" name="launchBrowser" time="13.071"/>
  <testcase classname="com.sgtesting.pageobjectmodelassignment.CreateTaskScenario" name="navigate" time="8.593"/>
  <testcase classname="com.sgtesting.pageobjectmodelassignment.CreateTaskScenario" name="login" time="2.892"/>
  <testcase classname="com.sgtesting.pageobjectmodelassignment.CreateTaskScenario" name="minimizeFlyOutWindow" time="4.628"/>
  <testcase classname="com.sgtesting.pageobjectmodelassignment.CreateTaskScenario" name="createCustomer" time="12.722"/>
  <testcase classname="com.sgtesting.pageobjectmodelassignment.CreateTaskScenario" name="createProject" time="8.92"/>
  <testcase classname="com.sgtesting.pageobjectmodelassignment.CreateTaskScenario" name="createTask" time="9.15"/>
  <testcase classname="com.sgtesting.pageobjectmodelassignment.CreateTaskScenario" name="deleteTask" time="3.54"/>
  <testcase classname="com.sgtesting.pageobjectmodelassignment.CreateTaskScenario" name="deleteProject" time="9.512"/>
  <testcase classname="com.sgtesting.pageobjectmodelassignment.CreateTaskScenario" name="deleteCustomer" time="9.294"/>
  <testcase classname="com.sgtesting.pageobjectmodelassignment.CreateTaskScenario" name="logout" time="3.733"/>
  <testcase classname="com.sgtesting.pageobjectmodelassignment.CreateTaskScenario" name="closeApp" time="1.291"/>
</testsuite> <!-- Scenarios -->
