<?xml version="1.0" encoding="UTF-8"?>
<!-- Generated by org.testng.reporters.JUnitXMLReporter -->
<testsuite ignored="0" hostname="DESKTOP-P0QGIPJ" failures="0" tests="10" name="Default test" time="75.92" errors="0" timestamp="2022-07-31T12:15:14 IST">
  <testcase classname="com.sgtesting.pageobjectmodelassignment.CreateProjectScenario" name="launchBrowser" time="11.549"/>
  <testcase classname="com.sgtesting.pageobjectmodelassignment.CreateProjectScenario" name="navigate" time="11.364"/>
  <testcase classname="com.sgtesting.pageobjectmodelassignment.CreateProjectScenario" name="login" time="2.885"/>
  <testcase classname="com.sgtesting.pageobjectmodelassignment.CreateProjectScenario" name="minimizeFlyOutWindow" time="3.956"/>
  <testcase classname="com.sgtesting.pageobjectmodelassignment.CreateProjectScenario" name="createCustomer" time="13.252"/>
  <testcase classname="com.sgtesting.pageobjectmodelassignment.CreateProjectScenario" name="createProject" time="9.136"/>
  <testcase classname="com.sgtesting.pageobjectmodelassignment.CreateProjectScenario" name="deleteProject" time="9.464"/>
  <testcase classname="com.sgtesting.pageobjectmodelassignment.CreateProjectScenario" name="deleteCustomer" time="9.186"/>
  <testcase classname="com.sgtesting.pageobjectmodelassignment.CreateProjectScenario" name="logout" time="3.494"/>
  <testcase classname="com.sgtesting.pageobjectmodelassignment.CreateProjectScenario" name="closeApp" time="1.356"/>
</testsuite> <!-- Default test -->
