<?xml version="1.0" encoding="UTF-8"?>
<!-- Generated by org.testng.reporters.JUnitXMLReporter -->
<testsuite ignored="0" hostname="DESKTOP-P0QGIPJ" failures="0" tests="67" name="Scenarios" time="473.977" errors="0" timestamp="2022-07-31T12:32:32 IST">
  <testcase classname="com.sgtesting.pageobjectmodelassignment.CreateCustomerScenario" name="launchBrowser" time="13.403"/>
  <testcase classname="com.sgtesting.pageobjectmodelassignment.CreateCustomerScenario" name="navigate" time="6.327"/>
  <testcase classname="com.sgtesting.pageobjectmodelassignment.CreateCustomerScenario" name="login" time="3.127"/>
  <testcase classname="com.sgtesting.pageobjectmodelassignment.CreateCustomerScenario" name="minimizeFlyOutWindow" time="6.147"/>
  <testcase classname="com.sgtesting.pageobjectmodelassignment.CreateCustomerScenario" name="createCustomer" time="14.188"/>
  <testcase classname="com.sgtesting.pageobjectmodelassignment.CreateCustomerScenario" name="deleteCustomer" time="9.363"/>
  <testcase classname="com.sgtesting.pageobjectmodelassignment.CreateCustomerScenario" name="logout" time="4.175"/>
  <testcase classname="com.sgtesting.pageobjectmodelassignment.CreateCustomerScenario" name="closeApp" time="2.005"/>
  <testcase classname="com.sgtesting.pageobjectmodelassignment.CreateProjectScenario" name="launchBrowser" time="6.962"/>
  <testcase classname="com.sgtesting.pageobjectmodelassignment.CreateProjectScenario" name="navigate" time="11.682"/>
  <testcase classname="com.sgtesting.pageobjectmodelassignment.CreateProjectScenario" name="login" time="2.901"/>
  <testcase classname="com.sgtesting.pageobjectmodelassignment.CreateProjectScenario" name="minimizeFlyOutWindow" time="4.104"/>
  <testcase classname="com.sgtesting.pageobjectmodelassignment.CreateProjectScenario" name="createCustomer" time="19.59"/>
  <testcase classname="com.sgtesting.pageobjectmodelassignment.CreateProjectScenario" name="createProject" time="9.253"/>
  <testcase classname="com.sgtesting.pageobjectmodelassignment.CreateProjectScenario" name="deleteProject" time="9.428"/>
  <testcase classname="com.sgtesting.pageobjectmodelassignment.CreateProjectScenario" name="deleteCustomer" time="9.11"/>
  <testcase classname="com.sgtesting.pageobjectmodelassignment.CreateProjectScenario" name="logout" time="3.548"/>
  <testcase classname="com.sgtesting.pageobjectmodelassignment.CreateProjectScenario" name="closeApp" time="1.338"/>
  <testcase classname="com.sgtesting.pageobjectmodelassignment.CreateTaskScenario" name="launchBrowser" time="6.67"/>
  <testcase classname="com.sgtesting.pageobjectmodelassignment.CreateTaskScenario" name="navigate" time="9.368"/>
  <testcase classname="com.sgtesting.pageobjectmodelassignment.CreateTaskScenario" name="login" time="2.984"/>
  <testcase classname="com.sgtesting.pageobjectmodelassignment.CreateTaskScenario" name="minimizeFlyOutWindow" time="4.608"/>
  <testcase classname="com.sgtesting.pageobjectmodelassignment.CreateTaskScenario" name="createCustomer" time="13.046"/>
  <testcase classname="com.sgtesting.pageobjectmodelassignment.CreateTaskScenario" name="createProject" time="9.224"/>
  <testcase classname="com.sgtesting.pageobjectmodelassignment.CreateTaskScenario" name="createTask" time="9.706"/>
  <testcase classname="com.sgtesting.pageobjectmodelassignment.CreateTaskScenario" name="deleteTask" time="4.008"/>
  <testcase classname="com.sgtesting.pageobjectmodelassignment.CreateTaskScenario" name="deleteProject" time="9.35"/>
  <testcase classname="com.sgtesting.pageobjectmodelassignment.CreateTaskScenario" name="deleteCustomer" time="9.473"/>
  <testcase classname="com.sgtesting.pageobjectmodelassignment.CreateTaskScenario" name="logout" time="3.501"/>
  <testcase classname="com.sgtesting.pageobjectmodelassignment.CreateTaskScenario" name="closeApp" time="0.983"/>
  <testcase classname="com.sgtesting.pageobjectmodelassignment.CreateUserScenario" name="launchBrowser" time="7.098"/>
  <testcase classname="com.sgtesting.pageobjectmodelassignment.CreateUserScenario" name="navigate" time="5.821"/>
  <testcase classname="com.sgtesting.pageobjectmodelassignment.CreateUserScenario" name="login" time="2.81"/>
  <testcase classname="com.sgtesting.pageobjectmodelassignment.CreateUserScenario" name="minimizeFlyOutWindow" time="3.465"/>
  <testcase classname="com.sgtesting.pageobjectmodelassignment.CreateUserScenario" name="createUser" time="25.066"/>
  <testcase classname="com.sgtesting.pageobjectmodelassignment.CreateUserScenario" name="deleteUser" time="6.831"/>
  <testcase classname="com.sgtesting.pageobjectmodelassignment.CreateUserScenario" name="logout" time="3.742"/>
  <testcase classname="com.sgtesting.pageobjectmodelassignment.CreateUserScenario" name="closeApp" time="1.038"/>
  <testcase classname="com.sgtesting.pageobjectmodelassignment.ModifyCustomerScenario" name="launchBrowser" time="5.201"/>
  <testcase classname="com.sgtesting.pageobjectmodelassignment.ModifyCustomerScenario" name="navigate" time="6.067"/>
  <testcase classname="com.sgtesting.pageobjectmodelassignment.ModifyCustomerScenario" name="login" time="2.913"/>
  <testcase classname="com.sgtesting.pageobjectmodelassignment.ModifyCustomerScenario" name="minimizeFlyOutWindow" time="3.456"/>
  <testcase classname="com.sgtesting.pageobjectmodelassignment.ModifyCustomerScenario" name="createCustomer" time="14.793"/>
  <testcase classname="com.sgtesting.pageobjectmodelassignment.ModifyCustomerScenario" name="modifyCustomer" time="7.329"/>
  <testcase classname="com.sgtesting.pageobjectmodelassignment.ModifyCustomerScenario" name="deleteCustomer" time="9.425"/>
  <testcase classname="com.sgtesting.pageobjectmodelassignment.ModifyCustomerScenario" name="logout" time="3.842"/>
  <testcase classname="com.sgtesting.pageobjectmodelassignment.ModifyCustomerScenario" name="closeApp" time="0.9"/>
  <testcase classname="com.sgtesting.pageobjectmodelassignment.ModifyProjectScenario" name="launchBrowser" time="5.934"/>
  <testcase classname="com.sgtesting.pageobjectmodelassignment.ModifyProjectScenario" name="navigate" time="13.039"/>
  <testcase classname="com.sgtesting.pageobjectmodelassignment.ModifyProjectScenario" name="login" time="2.874"/>
  <testcase classname="com.sgtesting.pageobjectmodelassignment.ModifyProjectScenario" name="minimizeFlyOutWindow" time="6.41"/>
  <testcase classname="com.sgtesting.pageobjectmodelassignment.ModifyProjectScenario" name="createCustomer" time="14.523"/>
  <testcase classname="com.sgtesting.pageobjectmodelassignment.ModifyProjectScenario" name="createProject" time="9.243"/>
  <testcase classname="com.sgtesting.pageobjectmodelassignment.ModifyProjectScenario" name="modifyProject" time="7.738"/>
  <testcase classname="com.sgtesting.pageobjectmodelassignment.ModifyProjectScenario" name="deleteProject" time="9.308"/>
  <testcase classname="com.sgtesting.pageobjectmodelassignment.ModifyProjectScenario" name="deleteCustomer" time="9.044"/>
  <testcase classname="com.sgtesting.pageobjectmodelassignment.ModifyProjectScenario" name="logout" time="3.409"/>
  <testcase classname="com.sgtesting.pageobjectmodelassignment.ModifyProjectScenario" name="closeApp" time="1.018"/>
  <testcase classname="com.sgtesting.pageobjectmodelassignment.ModifyUserScenario" name="launchBrowser" time="6.355"/>
  <testcase classname="com.sgtesting.pageobjectmodelassignment.ModifyUserScenario" name="navigate" time="6.548"/>
  <testcase classname="com.sgtesting.pageobjectmodelassignment.ModifyUserScenario" name="login" time="2.846"/>
  <testcase classname="com.sgtesting.pageobjectmodelassignment.ModifyUserScenario" name="minimizeFlyOutWindow" time="5.863"/>
  <testcase classname="com.sgtesting.pageobjectmodelassignment.ModifyUserScenario" name="createUser" time="25.796"/>
  <testcase classname="com.sgtesting.pageobjectmodelassignment.ModifyUserScenario" name="modifyUser" time="9.78"/>
  <testcase classname="com.sgtesting.pageobjectmodelassignment.ModifyUserScenario" name="deleteUser" time="1.223"/>
  <testcase classname="com.sgtesting.pageobjectmodelassignment.ModifyUserScenario" name="logout" time="1.351"/>
  <testcase classname="com.sgtesting.pageobjectmodelassignment.ModifyUserScenario" name="closeApp" time="1.515"/>
</testsuite> <!-- Scenarios -->
