<?xml version="1.0" encoding="UTF-8"?>
<testng-results ignored="0" total="10" passed="10" failed="0" skipped="0">
  <reporter-output>
  </reporter-output>
  <suite started-at="2022-07-31T12:13:58 IST" name="Default suite" finished-at="2022-07-31T12:15:14 IST" duration-ms="75920">
    <groups>
    </groups>
    <test started-at="2022-07-31T12:13:58 IST" name="Default test" finished-at="2022-07-31T12:15:14 IST" duration-ms="75920">
      <class name="com.sgtesting.pageobjectmodelassignment.CreateProjectScenario">
        <test-method signature="launchBrowser()[pri:1, instance:com.sgtesting.pageobjectmodelassignment.CreateProjectScenario@4a7f959b]" started-at="2022-07-31T12:13:58 IST" name="launchBrowser" finished-at="2022-07-31T12:14:10 IST" duration-ms="11549" status="PASS">
          <reporter-output>
          </reporter-output>
        </test-method> <!-- launchBrowser -->
        <test-method signature="navigate()[pri:2, instance:com.sgtesting.pageobjectmodelassignment.CreateProjectScenario@4a7f959b]" started-at="2022-07-31T12:14:10 IST" name="navigate" finished-at="2022-07-31T12:14:21 IST" duration-ms="11364" status="PASS">
          <reporter-output>
          </reporter-output>
        </test-method> <!-- navigate -->
        <test-method signature="login()[pri:3, instance:com.sgtesting.pageobjectmodelassignment.CreateProjectScenario@4a7f959b]" started-at="2022-07-31T12:14:21 IST" name="login" finished-at="2022-07-31T12:14:24 IST" duration-ms="2885" status="PASS">
          <reporter-output>
          </reporter-output>
        </test-method> <!-- login -->
        <test-method signature="minimizeFlyOutWindow()[pri:4, instance:com.sgtesting.pageobjectmodelassignment.CreateProjectScenario@4a7f959b]" started-at="2022-07-31T12:14:24 IST" name="minimizeFlyOutWindow" finished-at="2022-07-31T12:14:28 IST" duration-ms="3956" status="PASS">
          <reporter-output>
          </reporter-output>
        </test-method> <!-- minimizeFlyOutWindow -->
        <test-method signature="createCustomer()[pri:5, instance:com.sgtesting.pageobjectmodelassignment.CreateProjectScenario@4a7f959b]" started-at="2022-07-31T12:14:28 IST" name="createCustomer" finished-at="2022-07-31T12:14:41 IST" duration-ms="13252" status="PASS">
          <reporter-output>
          </reporter-output>
        </test-method> <!-- createCustomer -->
        <test-method signature="createProject()[pri:6, instance:com.sgtesting.pageobjectmodelassignment.CreateProjectScenario@4a7f959b]" started-at="2022-07-31T12:14:41 IST" name="createProject" finished-at="2022-07-31T12:14:51 IST" duration-ms="9136" status="PASS">
          <reporter-output>
          </reporter-output>
        </test-method> <!-- createProject -->
        <test-method signature="deleteProject()[pri:7, instance:com.sgtesting.pageobjectmodelassignment.CreateProjectScenario@4a7f959b]" started-at="2022-07-31T12:14:51 IST" name="deleteProject" finished-at="2022-07-31T12:15:00 IST" duration-ms="9464" status="PASS">
          <reporter-output>
          </reporter-output>
        </test-method> <!-- deleteProject -->
        <test-method signature="deleteCustomer()[pri:8, instance:com.sgtesting.pageobjectmodelassignment.CreateProjectScenario@4a7f959b]" started-at="2022-07-31T12:15:00 IST" name="deleteCustomer" finished-at="2022-07-31T12:15:09 IST" duration-ms="9186" status="PASS">
          <reporter-output>
          </reporter-output>
        </test-method> <!-- deleteCustomer -->
        <test-method signature="logout()[pri:9, instance:com.sgtesting.pageobjectmodelassignment.CreateProjectScenario@4a7f959b]" started-at="2022-07-31T12:15:09 IST" name="logout" finished-at="2022-07-31T12:15:13 IST" duration-ms="3494" status="PASS">
          <reporter-output>
          </reporter-output>
        </test-method> <!-- logout -->
        <test-method signature="closeApp()[pri:10, instance:com.sgtesting.pageobjectmodelassignment.CreateProjectScenario@4a7f959b]" started-at="2022-07-31T12:15:13 IST" name="closeApp" finished-at="2022-07-31T12:15:14 IST" duration-ms="1356" status="PASS">
          <reporter-output>
          </reporter-output>
        </test-method> <!-- closeApp -->
      </class> <!-- com.sgtesting.pageobjectmodelassignment.CreateProjectScenario -->
    </test> <!-- Default test -->
  </suite> <!-- Default suite -->
</testng-results>
